<?xml version="1.0" encoding="UTF-8"?>
<testng-results ignored="0" total="1" passed="1" failed="0" skipped="0">
  <reporter-output>
  </reporter-output>
  <suite started-at="2021-11-30T11:37:16 IST" name="Default suite" finished-at="2021-11-30T11:37:16 IST" duration-ms="49">
    <groups>
    </groups>
    <test started-at="2021-11-30T11:37:16 IST" name="Default test" finished-at="2021-11-30T11:37:16 IST" duration-ms="49">
      <class name="Test1">
        <test-method signature="m1()[pri:0, instance:Test1@2cdd0d4b]" started-at="2021-11-30T11:37:16 IST" name="m1" finished-at="2021-11-30T11:37:16 IST" duration-ms="8" status="PASS">
          <reporter-output>
          </reporter-output>
        </test-method> <!-- m1 -->
      </class> <!-- Test1 -->
    </test> <!-- Default test -->
  </suite> <!-- Default suite -->
</testng-results>
