<?xml version="1.0" encoding="UTF-8"?>
<!-- Generated by org.testng.reporters.JUnitXMLReporter -->
<testsuite ignored="0" hostname="LAPTOP-P6007R0S" failures="0" tests="5" name="Default test" time="0.087" errors="0" timestamp="2021-11-30T11:46:45 IST">
  <testcase classname="Priority" name="third" time="0.01"/>
  <testcase classname="Priority" name="forth" time="0.002"/>
  <testcase classname="Priority" name="fifth" time="0.001"/>
  <testcase classname="Priority" name="first" time="0.001"/>
  <testcase classname="Priority" name="second" time="0.002"/>
</testsuite> <!-- Default test -->
