<?xml version="1.0" encoding="UTF-8"?>
<testng-results ignored="0" total="5" passed="5" failed="0" skipped="0">
  <reporter-output>
  </reporter-output>
  <suite started-at="2021-11-24T18:04:10 IST" name="Default suite" finished-at="2021-11-24T18:04:10 IST" duration-ms="54">
    <groups>
    </groups>
    <test started-at="2021-11-24T18:04:10 IST" name="Default test" finished-at="2021-11-24T18:04:10 IST" duration-ms="54">
      <class name="Priority">
        <test-method signature="third()[pri:-1, instance:Priority@4ef37659]" started-at="2021-11-24T18:04:10 IST" name="third" finished-at="2021-11-24T18:04:10 IST" duration-ms="9" status="PASS">
          <reporter-output>
          </reporter-output>
        </test-method> <!-- third -->
        <test-method signature="forth()[pri:0, instance:Priority@4ef37659]" started-at="2021-11-24T18:04:10 IST" name="forth" finished-at="2021-11-24T18:04:10 IST" duration-ms="2" status="PASS">
          <reporter-output>
          </reporter-output>
        </test-method> <!-- forth -->
        <test-method signature="fifth()[pri:1, instance:Priority@4ef37659]" started-at="2021-11-24T18:04:10 IST" name="fifth" finished-at="2021-11-24T18:04:10 IST" duration-ms="1" status="PASS">
          <reporter-output>
          </reporter-output>
        </test-method> <!-- fifth -->
        <test-method signature="first()[pri:1, instance:Priority@4ef37659]" started-at="2021-11-24T18:04:10 IST" name="first" finished-at="2021-11-24T18:04:10 IST" duration-ms="1" status="PASS">
          <reporter-output>
          </reporter-output>
        </test-method> <!-- first -->
        <test-method signature="second()[pri:2, instance:Priority@4ef37659]" started-at="2021-11-24T18:04:10 IST" name="second" finished-at="2021-11-24T18:04:10 IST" duration-ms="2" status="PASS">
          <reporter-output>
          </reporter-output>
        </test-method> <!-- second -->
      </class> <!-- Priority -->
    </test> <!-- Default test -->
  </suite> <!-- Default suite -->
</testng-results>
